0 info it worked if it ends with ok
1 verbose cli [ '/root/.nvm/versions/node/v7.0.0/bin/node',
1 verbose cli   '/root/.nvm/versions/node/v7.0.0/bin/npm',
1 verbose cli   'i',
1 verbose cli   '--save',
1 verbose cli   'oracledb' ]
2 info using npm@3.10.8
3 info using node@v7.0.0
4 silly loadCurrentTree Starting
5 silly install loadCurrentTree
6 silly install readLocalPackageData
7 silly fetchPackageMetaData oracledb@^1.13.1
8 silly fetchNamedPackageData oracledb
9 silly mapToRegistry name oracledb
10 silly mapToRegistry using default registry
11 silly mapToRegistry registry https://registry.npmjs.org/
12 silly mapToRegistry data Result {
12 silly mapToRegistry   raw: 'oracledb',
12 silly mapToRegistry   scope: null,
12 silly mapToRegistry   escapedName: 'oracledb',
12 silly mapToRegistry   name: 'oracledb',
12 silly mapToRegistry   rawSpec: '',
12 silly mapToRegistry   spec: 'latest',
12 silly mapToRegistry   type: 'tag' }
13 silly mapToRegistry uri https://registry.npmjs.org/oracledb
14 verbose request uri https://registry.npmjs.org/oracledb
15 verbose request no auth needed
16 info attempt registry request try #1 at 2:53:04 PM
17 verbose request id 9194d76713debe75
18 http request GET https://registry.npmjs.org/oracledb
19 http 200 https://registry.npmjs.org/oracledb
20 verbose headers { server: 'nginx/1.10.1',
20 verbose headers   'content-type': 'application/json',
20 verbose headers   'last-modified': 'Mon, 16 Oct 2017 12:04:37 GMT',
20 verbose headers   etag: 'W/"59e4a055-b33b"',
20 verbose headers   'content-encoding': 'gzip',
20 verbose headers   'cache-control': 'max-age=300',
20 verbose headers   'content-length': '6405',
20 verbose headers   'accept-ranges': 'bytes',
20 verbose headers   date: 'Thu, 26 Oct 2017 14:53:04 GMT',
20 verbose headers   via: '1.1 varnish',
20 verbose headers   age: '0',
20 verbose headers   connection: 'keep-alive',
20 verbose headers   'x-served-by': 'cache-mdw17347-MDW',
20 verbose headers   'x-cache': 'HIT',
20 verbose headers   'x-cache-hits': '1',
20 verbose headers   'x-timer': 'S1509029584.387603,VS0,VE115',
20 verbose headers   vary: 'Accept-Encoding, Accept' }
21 silly get cb [ 200,
21 silly get   { server: 'nginx/1.10.1',
21 silly get     'content-type': 'application/json',
21 silly get     'last-modified': 'Mon, 16 Oct 2017 12:04:37 GMT',
21 silly get     etag: 'W/"59e4a055-b33b"',
21 silly get     'content-encoding': 'gzip',
21 silly get     'cache-control': 'max-age=300',
21 silly get     'content-length': '6405',
21 silly get     'accept-ranges': 'bytes',
21 silly get     date: 'Thu, 26 Oct 2017 14:53:04 GMT',
21 silly get     via: '1.1 varnish',
21 silly get     age: '0',
21 silly get     connection: 'keep-alive',
21 silly get     'x-served-by': 'cache-mdw17347-MDW',
21 silly get     'x-cache': 'HIT',
21 silly get     'x-cache-hits': '1',
21 silly get     'x-timer': 'S1509029584.387603,VS0,VE115',
21 silly get     vary: 'Accept-Encoding, Accept' } ]
22 verbose get saving oracledb to /root/.npm/registry.npmjs.org/oracledb/.cache.json
23 verbose correctMkdir /root/.npm correctMkdir not in flight; initializing
24 silly install normalizeTree
25 silly loadCurrentTree Finishing
26 silly loadIdealTree Starting
27 silly install loadIdealTree
28 silly cloneCurrentTree Starting
29 silly install cloneCurrentTreeToIdealTree
30 silly cloneCurrentTree Finishing
31 silly loadShrinkwrap Starting
32 silly install loadShrinkwrap
33 silly loadShrinkwrap Finishing
34 silly loadAllDepsIntoIdealTree Starting
35 silly install loadAllDepsIntoIdealTree
36 silly resolveWithNewModule oracledb@1.13.1 checking installable status
37 silly cache add args [ 'oracledb@^1.13.1', null ]
38 verbose cache add spec oracledb@^1.13.1
39 silly cache add parsed spec Result {
39 silly cache add   raw: 'oracledb@^1.13.1',
39 silly cache add   scope: null,
39 silly cache add   escapedName: 'oracledb',
39 silly cache add   name: 'oracledb',
39 silly cache add   rawSpec: '^1.13.1',
39 silly cache add   spec: '>=1.13.1 <2.0.0',
39 silly cache add   type: 'range' }
40 silly addNamed oracledb@>=1.13.1 <2.0.0
41 verbose addNamed ">=1.13.1 <2.0.0" is a valid semver range for oracledb
42 silly addNameRange { name: 'oracledb', range: '>=1.13.1 <2.0.0', hasData: false }
43 silly mapToRegistry name oracledb
44 silly mapToRegistry using default registry
45 silly mapToRegistry registry https://registry.npmjs.org/
46 silly mapToRegistry data Result {
46 silly mapToRegistry   raw: 'oracledb',
46 silly mapToRegistry   scope: null,
46 silly mapToRegistry   escapedName: 'oracledb',
46 silly mapToRegistry   name: 'oracledb',
46 silly mapToRegistry   rawSpec: '',
46 silly mapToRegistry   spec: 'latest',
46 silly mapToRegistry   type: 'tag' }
47 silly mapToRegistry uri https://registry.npmjs.org/oracledb
48 verbose addNameRange registry:https://registry.npmjs.org/oracledb not in flight; fetching
49 verbose get https://registry.npmjs.org/oracledb not expired, no request
50 silly addNameRange number 2 { name: 'oracledb', range: '>=1.13.1 <2.0.0', hasData: true }
51 silly addNameRange versions [ 'oracledb',
51 silly addNameRange   [ '0.2.4',
51 silly addNameRange     '0.3.1',
51 silly addNameRange     '0.4.1',
51 silly addNameRange     '0.4.2',
51 silly addNameRange     '0.5.0',
51 silly addNameRange     '0.6.0',
51 silly addNameRange     '0.7.0',
51 silly addNameRange     '1.0.0',
51 silly addNameRange     '1.1.0',
51 silly addNameRange     '1.2.0',
51 silly addNameRange     '1.3.0',
51 silly addNameRange     '1.4.0',
51 silly addNameRange     '1.5.0',
51 silly addNameRange     '1.6.0',
51 silly addNameRange     '1.7.0',
51 silly addNameRange     '1.7.1',
51 silly addNameRange     '1.8.0',
51 silly addNameRange     '1.9.1',
51 silly addNameRange     '1.9.2',
51 silly addNameRange     '1.9.3',
51 silly addNameRange     '1.10.0',
51 silly addNameRange     '1.10.1',
51 silly addNameRange     '1.11.0',
51 silly addNameRange     '1.12.2',
51 silly addNameRange     '1.13.0',
51 silly addNameRange     '1.13.1' ] ]
52 silly addNamed oracledb@1.13.1
53 verbose addNamed "1.13.1" is a plain semver version for oracledb
54 silly mapToRegistry name oracledb
55 silly mapToRegistry using default registry
56 silly mapToRegistry registry https://registry.npmjs.org/
57 silly mapToRegistry data Result {
57 silly mapToRegistry   raw: 'oracledb',
57 silly mapToRegistry   scope: null,
57 silly mapToRegistry   escapedName: 'oracledb',
57 silly mapToRegistry   name: 'oracledb',
57 silly mapToRegistry   rawSpec: '',
57 silly mapToRegistry   spec: 'latest',
57 silly mapToRegistry   type: 'tag' }
58 silly mapToRegistry uri https://registry.npmjs.org/oracledb
59 verbose addRemoteTarball https://registry.npmjs.org/oracledb/-/oracledb-1.13.1.tgz not in flight; adding
60 verbose addRemoteTarball [ 'https://registry.npmjs.org/oracledb/-/oracledb-1.13.1.tgz',
60 verbose addRemoteTarball   '923164b5c192ceda01590e35268bb7017e24ad89' ]
61 info retry fetch attempt 1 at 2:53:04 PM
62 info attempt registry request try #1 at 2:53:04 PM
63 http fetch GET https://registry.npmjs.org/oracledb/-/oracledb-1.13.1.tgz
64 http fetch 200 https://registry.npmjs.org/oracledb/-/oracledb-1.13.1.tgz
65 silly fetchAndShaCheck shasum 923164b5c192ceda01590e35268bb7017e24ad89
66 verbose addTmpTarball /tmp/npm-181-40c8f543/registry.npmjs.org/oracledb/-/oracledb-1.13.1.tgz not in flight; adding
67 verbose addTmpTarball already have metadata; skipping unpack for oracledb@1.13.1
68 verbose correctMkdir /root/.npm correctMkdir not in flight; initializing
69 silly cache afterAdd oracledb@1.13.1
70 verbose afterAdd /root/.npm/oracledb/1.13.1/package/package.json not in flight; writing
71 verbose correctMkdir /root/.npm correctMkdir not in flight; initializing
72 verbose afterAdd /root/.npm/oracledb/1.13.1/package/package.json written
73 silly fetchNamedPackageData nan
74 silly mapToRegistry name nan
75 silly mapToRegistry using default registry
76 silly mapToRegistry registry https://registry.npmjs.org/
77 silly mapToRegistry data Result {
77 silly mapToRegistry   raw: 'nan',
77 silly mapToRegistry   scope: null,
77 silly mapToRegistry   escapedName: 'nan',
77 silly mapToRegistry   name: 'nan',
77 silly mapToRegistry   rawSpec: '',
77 silly mapToRegistry   spec: 'latest',
77 silly mapToRegistry   type: 'tag' }
78 silly mapToRegistry uri https://registry.npmjs.org/nan
79 verbose request uri https://registry.npmjs.org/nan
80 verbose request no auth needed
81 info attempt registry request try #1 at 2:53:04 PM
82 http request GET https://registry.npmjs.org/nan
83 http 200 https://registry.npmjs.org/nan
84 verbose headers { server: 'nginx/1.10.1',
84 verbose headers   'content-type': 'application/json',
84 verbose headers   'last-modified': 'Tue, 24 Oct 2017 02:55:03 GMT',
84 verbose headers   etag: 'W/"59eeab87-20247"',
84 verbose headers   'content-encoding': 'gzip',
84 verbose headers   'cache-control': 'max-age=300',
84 verbose headers   'content-length': '15444',
84 verbose headers   'accept-ranges': 'bytes',
84 verbose headers   date: 'Thu, 26 Oct 2017 14:53:04 GMT',
84 verbose headers   via: '1.1 varnish',
84 verbose headers   age: '255',
84 verbose headers   connection: 'keep-alive',
84 verbose headers   'x-served-by': 'cache-mdw17347-MDW',
84 verbose headers   'x-cache': 'HIT',
84 verbose headers   'x-cache-hits': '4',
84 verbose headers   'x-timer': 'S1509029585.678176,VS0,VE0',
84 verbose headers   vary: 'Accept-Encoding, Accept' }
85 silly get cb [ 200,
85 silly get   { server: 'nginx/1.10.1',
85 silly get     'content-type': 'application/json',
85 silly get     'last-modified': 'Tue, 24 Oct 2017 02:55:03 GMT',
85 silly get     etag: 'W/"59eeab87-20247"',
85 silly get     'content-encoding': 'gzip',
85 silly get     'cache-control': 'max-age=300',
85 silly get     'content-length': '15444',
85 silly get     'accept-ranges': 'bytes',
85 silly get     date: 'Thu, 26 Oct 2017 14:53:04 GMT',
85 silly get     via: '1.1 varnish',
85 silly get     age: '255',
85 silly get     connection: 'keep-alive',
85 silly get     'x-served-by': 'cache-mdw17347-MDW',
85 silly get     'x-cache': 'HIT',
85 silly get     'x-cache-hits': '4',
85 silly get     'x-timer': 'S1509029585.678176,VS0,VE0',
85 silly get     vary: 'Accept-Encoding, Accept' } ]
86 verbose get saving nan to /root/.npm/registry.npmjs.org/nan/.cache.json
87 verbose correctMkdir /root/.npm correctMkdir not in flight; initializing
88 silly resolveWithNewModule nan@2.5.1 checking installable status
89 silly cache add args [ 'nan@~2.5.0', null ]
90 verbose cache add spec nan@~2.5.0
91 silly cache add parsed spec Result {
91 silly cache add   raw: 'nan@~2.5.0',
91 silly cache add   scope: null,
91 silly cache add   escapedName: 'nan',
91 silly cache add   name: 'nan',
91 silly cache add   rawSpec: '~2.5.0',
91 silly cache add   spec: '>=2.5.0 <2.6.0',
91 silly cache add   type: 'range' }
92 silly addNamed nan@>=2.5.0 <2.6.0
93 verbose addNamed ">=2.5.0 <2.6.0" is a valid semver range for nan
94 silly addNameRange { name: 'nan', range: '>=2.5.0 <2.6.0', hasData: false }
95 silly mapToRegistry name nan
96 silly mapToRegistry using default registry
97 silly mapToRegistry registry https://registry.npmjs.org/
98 silly mapToRegistry data Result {
98 silly mapToRegistry   raw: 'nan',
98 silly mapToRegistry   scope: null,
98 silly mapToRegistry   escapedName: 'nan',
98 silly mapToRegistry   name: 'nan',
98 silly mapToRegistry   rawSpec: '',
98 silly mapToRegistry   spec: 'latest',
98 silly mapToRegistry   type: 'tag' }
99 silly mapToRegistry uri https://registry.npmjs.org/nan
100 verbose addNameRange registry:https://registry.npmjs.org/nan not in flight; fetching
101 verbose get https://registry.npmjs.org/nan not expired, no request
102 silly addNameRange number 2 { name: 'nan', range: '>=2.5.0 <2.6.0', hasData: true }
103 silly addNameRange versions [ 'nan',
103 silly addNameRange   [ '0.3.0-wip',
103 silly addNameRange     '0.3.0-wip2',
103 silly addNameRange     '0.3.0',
103 silly addNameRange     '0.3.1',
103 silly addNameRange     '0.3.2',
103 silly addNameRange     '0.4.0',
103 silly addNameRange     '0.4.1',
103 silly addNameRange     '0.4.2',
103 silly addNameRange     '0.4.3',
103 silly addNameRange     '0.4.4',
103 silly addNameRange     '0.5.0',
103 silly addNameRange     '0.5.1',
103 silly addNameRange     '0.5.2',
103 silly addNameRange     '0.6.0',
103 silly addNameRange     '0.7.0',
103 silly addNameRange     '0.7.1',
103 silly addNameRange     '0.8.0',
103 silly addNameRange     '1.0.0',
103 silly addNameRange     '1.1.0',
103 silly addNameRange     '1.1.1',
103 silly addNameRange     '1.1.2',
103 silly addNameRange     '1.2.0',
103 silly addNameRange     '1.3.0',
103 silly addNameRange     '1.4.0',
103 silly addNameRange     '1.4.1',
103 silly addNameRange     '1.5.0',
103 silly addNameRange     '1.4.2',
103 silly addNameRange     '1.4.3',
103 silly addNameRange     '1.5.1',
103 silly addNameRange     '1.5.2',
103 silly addNameRange     '1.6.0',
103 silly addNameRange     '1.5.3',
103 silly addNameRange     '1.6.1',
103 silly addNameRange     '1.6.2',
103 silly addNameRange     '1.7.0',
103 silly addNameRange     '1.8.0',
103 silly addNameRange     '1.8.1',
103 silly addNameRange     '1.8.2',
103 silly addNameRange     '1.8.3',
103 silly addNameRange     '1.8.4',
103 silly addNameRange     '1.9.0',
103 silly addNameRange     '2.0.0',
103 silly addNameRange     '2.0.1',
103 silly addNameRange     '2.0.2',
103 silly addNameRange     '2.0.3',
103 silly addNameRange     '2.0.4',
103 silly addNameRange     '2.0.5',
103 silly addNameRange     '2.0.6',
103 silly addNameRange     '2.0.7',
103 silly addNameRange     '2.0.8',
103 silly addNameRange     '2.0.9',
103 silly addNameRange     '2.1.0',
103 silly addNameRange     '2.2.0',
103 silly addNameRange     '2.2.1',
103 silly addNameRange     '2.3.0',
103 silly addNameRange     '2.3.1',
103 silly addNameRange     '2.3.2',
103 silly addNameRange     '2.3.3',
103 silly addNameRange     '2.3.4',
103 silly addNameRange     '2.3.5',
103 silly addNameRange     '2.4.0',
103 silly addNameRange     '2.5.0',
103 silly addNameRange     '2.5.1',
103 silly addNameRange     '2.6.0',
103 silly addNameRange     '2.6.1',
103 silly addNameRange     '2.6.2',
103 silly addNameRange     '2.7.0' ] ]
104 silly addNamed nan@2.5.1
105 verbose addNamed "2.5.1" is a plain semver version for nan
106 silly mapToRegistry name nan
107 silly mapToRegistry using default registry
108 silly mapToRegistry registry https://registry.npmjs.org/
109 silly mapToRegistry data Result {
109 silly mapToRegistry   raw: 'nan',
109 silly mapToRegistry   scope: null,
109 silly mapToRegistry   escapedName: 'nan',
109 silly mapToRegistry   name: 'nan',
109 silly mapToRegistry   rawSpec: '',
109 silly mapToRegistry   spec: 'latest',
109 silly mapToRegistry   type: 'tag' }
110 silly mapToRegistry uri https://registry.npmjs.org/nan
111 verbose addRemoteTarball https://registry.npmjs.org/nan/-/nan-2.5.1.tgz not in flight; adding
112 verbose addRemoteTarball [ 'https://registry.npmjs.org/nan/-/nan-2.5.1.tgz',
112 verbose addRemoteTarball   'd5b01691253326a97a2bbee9e61c55d8d60351e2' ]
113 info retry fetch attempt 1 at 2:53:04 PM
114 info attempt registry request try #1 at 2:53:04 PM
115 http fetch GET https://registry.npmjs.org/nan/-/nan-2.5.1.tgz
116 http fetch 200 https://registry.npmjs.org/nan/-/nan-2.5.1.tgz
117 silly fetchAndShaCheck shasum d5b01691253326a97a2bbee9e61c55d8d60351e2
118 verbose addTmpTarball /tmp/npm-181-40c8f543/registry.npmjs.org/nan/-/nan-2.5.1.tgz not in flight; adding
119 verbose addTmpTarball already have metadata; skipping unpack for nan@2.5.1
120 verbose correctMkdir /root/.npm correctMkdir not in flight; initializing
121 silly cache afterAdd nan@2.5.1
122 verbose afterAdd /root/.npm/nan/2.5.1/package/package.json not in flight; writing
123 verbose correctMkdir /root/.npm correctMkdir not in flight; initializing
124 verbose afterAdd /root/.npm/nan/2.5.1/package/package.json written
125 silly loadAllDepsIntoIdealTree Finishing
126 silly loadIdealTree Finishing
127 silly currentTree purdue-floorplan-viewer-docker@1.0.0
127 silly currentTree +-- nan@2.5.1
127 silly currentTree `-- oracledb@1.13.1
128 silly idealTree purdue-floorplan-viewer-docker@1.0.0
128 silly idealTree +-- nan@2.5.1
128 silly idealTree `-- oracledb@1.13.1
129 silly generateActionsToTake Starting
130 silly install generateActionsToTake
131 silly generateActionsToTake Finishing
132 silly diffTrees action count 1
133 silly diffTrees update oracledb@1.13.1
134 silly decomposeActions action count 8
135 silly decomposeActions fetch oracledb@1.13.1
136 silly decomposeActions extract oracledb@1.13.1
137 silly decomposeActions test oracledb@1.13.1
138 silly decomposeActions preinstall oracledb@1.13.1
139 silly decomposeActions build oracledb@1.13.1
140 silly decomposeActions install oracledb@1.13.1
141 silly decomposeActions postinstall oracledb@1.13.1
142 silly decomposeActions finalize oracledb@1.13.1
143 silly runTopLevelLifecycles Starting
144 silly executeActions Starting
145 silly install executeActions
146 silly doSerial global-install 0
147 silly doParallel fetch 1
148 verbose correctMkdir /root/.npm/_locks correctMkdir not in flight; initializing
149 verbose lock using /root/.npm/_locks/staging-b688d0e74986138f.lock for /code/node_modules/.staging
150 silly doParallel extract 1
151 silly extract oracledb@1.13.1
152 verbose unbuild node_modules/.staging/oracledb-7bf7b04e
153 silly gentlyRm /code/node_modules/.staging/oracledb-7bf7b04e is being purged from base /code
154 verbose gentlyRm don't care about contents; nuking /code/node_modules/.staging/oracledb-7bf7b04e
155 verbose tar unpack /root/.npm/oracledb/1.13.1/package.tgz
156 verbose tar unpacking to /code/node_modules/.staging/oracledb-7bf7b04e
157 silly gentlyRm /code/node_modules/.staging/oracledb-7bf7b04e is being purged
158 verbose gentlyRm don't care about contents; nuking /code/node_modules/.staging/oracledb-7bf7b04e
159 silly gunzTarPerm modes [ '755', '644' ]
160 silly gunzTarPerm extractEntry package.json
161 silly gunzTarPerm extractEntry README.md
162 silly gunzTarPerm extractEntry index.js
163 silly gunzTarPerm extractEntry CHANGELOG.md
164 silly gunzTarPerm extractEntry LICENSE.md
165 silly gunzTarPerm extractEntry binding.gyp
166 silly gunzTarPerm extractEntry lib/connection.js
167 silly gunzTarPerm extractEntry lib/lob.js
168 silly gunzTarPerm extractEntry lib/oracledb.js
169 silly gunzTarPerm extractEntry lib/pool.js
170 silly gunzTarPerm extractEntry lib/querystream.js
171 silly gunzTarPerm extractEntry lib/resultset.js
172 silly gunzTarPerm extractEntry lib/util.js
173 silly gunzTarPerm extractEntry src/dpi/include/dpi.h
174 silly gunzTarPerm extractEntry src/dpi/include/dpiCommon.h
175 silly gunzTarPerm extractEntry src/dpi/include/dpiConn.h
176 silly gunzTarPerm extractEntry src/dpi/include/dpiDateTimeArray.h
177 silly gunzTarPerm extractEntry src/dpi/include/dpiEnv.h
178 silly gunzTarPerm extractEntry src/dpi/include/dpiException.h
179 silly gunzTarPerm extractEntry src/dpi/include/dpiLob.h
180 silly gunzTarPerm extractEntry src/dpi/include/dpiPool.h
181 silly gunzTarPerm extractEntry src/dpi/include/dpiStmt.h
182 silly gunzTarPerm extractEntry src/dpi/src/dpiExceptionImpl.cpp
183 silly gunzTarPerm extractEntry src/dpi/src/dpiCommon.cpp
184 silly gunzTarPerm extractEntry src/dpi/src/dpiConnImpl.h
185 silly gunzTarPerm extractEntry src/dpi/src/dpiDateTimeArrayImpl.cpp
186 silly gunzTarPerm extractEntry src/dpi/src/dpiDateTimeArrayImpl.h
187 silly gunzTarPerm extractEntry src/dpi/src/dpiEnv.cpp
188 silly gunzTarPerm extractEntry src/dpi/src/dpiEnvImpl.cpp
189 silly gunzTarPerm extractEntry src/dpi/src/dpiEnvImpl.h
190 silly gunzTarPerm extractEntry src/dpi/src/dpiException.cpp
191 silly gunzTarPerm extractEntry src/dpi/src/dpiConnImpl.cpp
192 silly gunzTarPerm extractEntry src/dpi/src/dpiExceptionImpl.h
193 silly gunzTarPerm extractEntry src/dpi/src/dpiLob.cpp
194 silly gunzTarPerm extractEntry src/dpi/src/dpiPoolImpl.cpp
195 silly gunzTarPerm extractEntry src/dpi/src/dpiPoolImpl.h
196 silly gunzTarPerm extractEntry src/dpi/src/dpiStmtImpl.cpp
197 silly gunzTarPerm extractEntry src/dpi/src/dpiStmtImpl.h
198 silly gunzTarPerm extractEntry src/dpi/src/dpiUtils.cpp
199 silly gunzTarPerm extractEntry src/dpi/src/dpiUtils.h
200 silly gunzTarPerm extractEntry src/njs/src/njsOracle.cpp
201 silly gunzTarPerm extractEntry src/njs/src/njsConnection.cpp
202 silly gunzTarPerm extractEntry src/njs/src/njsIntLob.cpp
203 silly gunzTarPerm extractEntry src/njs/src/njsIntLob.h
204 silly gunzTarPerm extractEntry src/njs/src/njsMessages.cpp
205 silly gunzTarPerm extractEntry src/njs/src/njsMessages.h
206 silly gunzTarPerm extractEntry src/njs/src/njsConnection.h
207 silly gunzTarPerm extractEntry src/njs/src/njsOracle.h
208 silly gunzTarPerm extractEntry src/njs/src/njsPool.cpp
209 silly gunzTarPerm extractEntry src/njs/src/njsPool.h
210 silly gunzTarPerm extractEntry src/njs/src/njsResultSet.cpp
211 silly gunzTarPerm extractEntry src/njs/src/njsResultSet.h
212 silly gunzTarPerm extractEntry src/njs/src/njsUtils.h
213 silly gentlyRm /code/node_modules/.staging/oracledb-7bf7b04e/node_modules is being purged
214 verbose gentlyRm don't care about contents; nuking /code/node_modules/.staging/oracledb-7bf7b04e/node_modules
215 silly doParallel preinstall 1
216 silly preinstall oracledb@1.13.1 /code/node_modules/.staging/oracledb-7bf7b04e
217 info lifecycle oracledb@1.13.1~preinstall: oracledb@1.13.1
218 silly lifecycle oracledb@1.13.1~preinstall: no script for preinstall, continuing
219 silly doReverseSerial remove 0
220 silly doSerial move 0
221 silly doSerial finalize 1
222 silly finalize /code/node_modules/oracledb
223 silly doSerial build 1
224 silly build oracledb@1.13.1
225 info linkStuff oracledb@1.13.1
226 silly linkStuff oracledb@1.13.1 has /code/node_modules as its parent node_modules
227 verbose linkBins oracledb@1.13.1
228 verbose linkMans oracledb@1.13.1
229 silly doSerial global-link 0
230 silly doParallel update-linked 0
231 silly doSerial install 1
232 silly install oracledb@1.13.1 /code/node_modules/.staging/oracledb-7bf7b04e
233 info lifecycle oracledb@1.13.1~install: oracledb@1.13.1
234 verbose lifecycle oracledb@1.13.1~install: unsafe-perm in lifecycle false
235 verbose lifecycle oracledb@1.13.1~install: PATH: /root/.nvm/versions/node/v7.0.0/lib/node_modules/npm/bin/node-gyp-bin:/code/node_modules/oracledb/node_modules/.bin:/code/node_modules/.bin:/root/.nvm/versions/node/v7.0.0/bin:/usr/local/sbin:/usr/local/bin:/usr/sbin:/usr/bin:/sbin:/bin
236 verbose lifecycle oracledb@1.13.1~install: CWD: /code/node_modules/oracledb
237 silly lifecycle oracledb@1.13.1~install: Args: [ '-c', 'node-gyp rebuild' ]
238 silly lifecycle oracledb@1.13.1~install: Returned: code: 1  signal: null
239 info lifecycle oracledb@1.13.1~install: Failed to exec install script
240 verbose unlock done using /root/.npm/_locks/staging-b688d0e74986138f.lock for /code/node_modules/.staging
241 silly rollbackFailedOptional Starting
242 silly rollbackFailedOptional Finishing
243 silly runTopLevelLifecycles Finishing
244 silly install printInstalled
245 verbose stack Error: oracledb@1.13.1 install: `node-gyp rebuild`
245 verbose stack Exit status 1
245 verbose stack     at EventEmitter.<anonymous> (/root/.nvm/versions/node/v7.0.0/lib/node_modules/npm/lib/utils/lifecycle.js:255:16)
245 verbose stack     at emitTwo (events.js:106:13)
245 verbose stack     at EventEmitter.emit (events.js:191:7)
245 verbose stack     at ChildProcess.<anonymous> (/root/.nvm/versions/node/v7.0.0/lib/node_modules/npm/lib/utils/spawn.js:40:14)
245 verbose stack     at emitTwo (events.js:106:13)
245 verbose stack     at ChildProcess.emit (events.js:191:7)
245 verbose stack     at maybeClose (internal/child_process.js:877:16)
245 verbose stack     at Process.ChildProcess._handle.onexit (internal/child_process.js:226:5)
246 verbose pkgid oracledb@1.13.1
247 verbose cwd /code/node
248 error Linux 4.4.0-96-generic
249 error argv "/root/.nvm/versions/node/v7.0.0/bin/node" "/root/.nvm/versions/node/v7.0.0/bin/npm" "i" "--save" "oracledb"
250 error node v7.0.0
251 error npm  v3.10.8
252 error code ELIFECYCLE
253 error oracledb@1.13.1 install: `node-gyp rebuild`
253 error Exit status 1
254 error Failed at the oracledb@1.13.1 install script 'node-gyp rebuild'.
254 error Make sure you have the latest version of node.js and npm installed.
254 error If you do, this is most likely a problem with the oracledb package,
254 error not with npm itself.
254 error Tell the author that this fails on your system:
254 error     node-gyp rebuild
254 error You can get information on how to open an issue for this project with:
254 error     npm bugs oracledb
254 error Or if that isn't available, you can get their info via:
254 error     npm owner ls oracledb
254 error There is likely additional logging output above.
255 verbose exit [ 1, true ]
